<?xml version="1.0" encoding="UTF-8"?>
<!-- Generated by org.testng.reporters.JUnitReportReporter -->
<testsuite hostname="bb-Precision-7530" failures="0" tests="1" name="NewTest" time="1.845" errors="0" timestamp="2018-10-31T09:50:24 CET" skipped="0">
  <testcase classname="NewTest" name="testEasy" time="1.845"/>
</testsuite> <!-- NewTest -->
