<?xml version="1.0" encoding="UTF-8"?>
<!-- Generated by org.testng.reporters.JUnitReportReporter -->
<testsuite hostname="bb-Precision-7530" failures="0" tests="1" name="NewTest" time="5.623" errors="0" timestamp="2018-11-08T11:37:54 CET" skipped="0">
  <testcase classname="NewTest" name="testEasy" time="5.623"/>
</testsuite> <!-- NewTest -->
